<?xml version="1.0" encoding="UTF-8"?>
<!-- Generated by org.testng.reporters.JUnitReportReporter -->
<testsuite hostname="SMART-PC" failures="0" tests="3" name="TestLayer.demo" time="0.025" errors="0" timestamp="2021-09-25T16:55:48 IST" skipped="0">
  <testcase classname="TestLayer.demo" name="testg" time="0.019"/>
  <system-out/>
  <testcase classname="TestLayer.demo" name="testa" time="0.004"/>
  <system-out/>
  <testcase classname="TestLayer.demo" name="testb" time="0.002"/>
  <system-out/>
</testsuite> <!-- TestLayer.demo -->
